[debug] [2025-07-16T17:12:25.397Z] ----------------------------------------------------------------------
[debug] [2025-07-16T17:12:25.400Z] Command:       C:\Program Files\nodejs\node.exe C:\Users\SEEMG.00EE000000DT00\AppData\Roaming\npm\node_modules\firebase-tools\lib\bin\firebase.js init hosting
[debug] [2025-07-16T17:12:25.401Z] CLI Version:   14.10.1
[debug] [2025-07-16T17:12:25.401Z] Platform:      win32
[debug] [2025-07-16T17:12:25.401Z] Node Version:  v22.17.1
[debug] [2025-07-16T17:12:25.401Z] Time:          Wed Jul 16 2025 14:12:25 GMT-0300 (Horário Padrão de Brasília)
[debug] [2025-07-16T17:12:25.401Z] ----------------------------------------------------------------------
[debug] 
[debug] [2025-07-16T17:12:25.406Z] > command requires scopes: ["email","openid","https://www.googleapis.com/auth/cloudplatformprojects.readonly","https://www.googleapis.com/auth/firebase","https://www.googleapis.com/auth/cloud-platform"]
[debug] [2025-07-16T17:12:25.407Z] > authorizing via signed-in user (vinicius.machado.carvalho@educacao.mg.gov.br)
[info] 
     ######## #### ########  ######## ########     ###     ######  ########
     ##        ##  ##     ## ##       ##     ##  ##   ##  ##       ##
     ######    ##  ########  ######   ########  #########  ######  ######
     ##        ##  ##    ##  ##       ##     ## ##     ##       ## ##
     ##       #### ##     ## ######## ########  ##     ##  ######  ########

You're about to initialize a Firebase project in this directory:

  C:\PetMatch

Before we get started, keep in mind:

  * You are currently outside your home directory

[info] 
=== Project Setup
[info] 
[info] First, let's associate this project directory with a Firebase project.
[info] You can create multiple project aliases by running firebase use --add, 
[info] but for now we'll just set up a default project.
[info] 
[debug] [2025-07-16T17:13:34.588Z] Checked if tokens are valid: true, expires at: 1752689520086
[debug] [2025-07-16T17:13:34.588Z] Checked if tokens are valid: true, expires at: 1752689520086
[debug] [2025-07-16T17:13:34.590Z] >>> [apiv2][query] GET https://firebase.googleapis.com/v1beta1/availableProjects pageSize=100
[debug] [2025-07-16T17:13:35.918Z] <<< [apiv2][status] GET https://firebase.googleapis.com/v1beta1/availableProjects 200
[debug] [2025-07-16T17:13:35.918Z] <<< [apiv2][body] GET https://firebase.googleapis.com/v1beta1/availableProjects [omitted]
[debug] [2025-07-16T17:15:16.301Z] Checked if tokens are valid: true, expires at: 1752689520086
[debug] [2025-07-16T17:15:16.301Z] Checked if tokens are valid: true, expires at: 1752689520086
[debug] [2025-07-16T17:15:16.301Z] >>> [apiv2][query] POST https://firebase.googleapis.com/v1beta1/projects/carbon-garage-421219:addFirebase [none]
[debug] [2025-07-16T17:15:18.613Z] <<< [apiv2][status] POST https://firebase.googleapis.com/v1beta1/projects/carbon-garage-421219:addFirebase 200
[debug] [2025-07-16T17:15:18.613Z] <<< [apiv2][body] POST https://firebase.googleapis.com/v1beta1/projects/carbon-garage-421219:addFirebase {"name":"operations/workflows/MWNlNjYyMTctZjRiMC00ZjA3LWFjZjktMWY1MDFlZTg4NmU3"}
[debug] [2025-07-16T17:15:18.617Z] Checked if tokens are valid: true, expires at: 1752689520086
[debug] [2025-07-16T17:15:18.618Z] Checked if tokens are valid: true, expires at: 1752689520086
[debug] [2025-07-16T17:15:18.619Z] >>> [apiv2][query] GET https://firebase.googleapis.com/v1beta1/operations/workflows/MWNlNjYyMTctZjRiMC00ZjA3LWFjZjktMWY1MDFlZTg4NmU3 [none]
[debug] [2025-07-16T17:15:22.957Z] <<< [apiv2][status] GET https://firebase.googleapis.com/v1beta1/operations/workflows/MWNlNjYyMTctZjRiMC00ZjA3LWFjZjktMWY1MDFlZTg4NmU3 200
[debug] [2025-07-16T17:15:22.958Z] <<< [apiv2][body] GET https://firebase.googleapis.com/v1beta1/operations/workflows/MWNlNjYyMTctZjRiMC00ZjA3LWFjZjktMWY1MDFlZTg4NmU3 {"name":"operations/workflows/MWNlNjYyMTctZjRiMC00ZjA3LWFjZjktMWY1MDFlZTg4NmU3"}
[debug] [2025-07-16T17:15:23.467Z] [Add Firebase Poller] Retrying task index 0
[debug] [2025-07-16T17:15:23.468Z] Checked if tokens are valid: true, expires at: 1752689520086
[debug] [2025-07-16T17:15:23.468Z] Checked if tokens are valid: true, expires at: 1752689520086
[debug] [2025-07-16T17:15:23.469Z] >>> [apiv2][query] GET https://firebase.googleapis.com/v1beta1/operations/workflows/MWNlNjYyMTctZjRiMC00ZjA3LWFjZjktMWY1MDFlZTg4NmU3 [none]
[debug] [2025-07-16T17:15:24.116Z] <<< [apiv2][status] GET https://firebase.googleapis.com/v1beta1/operations/workflows/MWNlNjYyMTctZjRiMC00ZjA3LWFjZjktMWY1MDFlZTg4NmU3 200
[debug] [2025-07-16T17:15:24.116Z] <<< [apiv2][body] GET https://firebase.googleapis.com/v1beta1/operations/workflows/MWNlNjYyMTctZjRiMC00ZjA3LWFjZjktMWY1MDFlZTg4NmU3 {"name":"operations/workflows/MWNlNjYyMTctZjRiMC00ZjA3LWFjZjktMWY1MDFlZTg4NmU3"}
[debug] [2025-07-16T17:15:25.119Z] [Add Firebase Poller] Retrying task index 0
[debug] [2025-07-16T17:15:25.121Z] Checked if tokens are valid: true, expires at: 1752689520086
[debug] [2025-07-16T17:15:25.121Z] Checked if tokens are valid: true, expires at: 1752689520086
[debug] [2025-07-16T17:15:25.122Z] >>> [apiv2][query] GET https://firebase.googleapis.com/v1beta1/operations/workflows/MWNlNjYyMTctZjRiMC00ZjA3LWFjZjktMWY1MDFlZTg4NmU3 [none]
[debug] [2025-07-16T17:15:25.720Z] <<< [apiv2][status] GET https://firebase.googleapis.com/v1beta1/operations/workflows/MWNlNjYyMTctZjRiMC00ZjA3LWFjZjktMWY1MDFlZTg4NmU3 200
[debug] [2025-07-16T17:15:25.720Z] <<< [apiv2][body] GET https://firebase.googleapis.com/v1beta1/operations/workflows/MWNlNjYyMTctZjRiMC00ZjA3LWFjZjktMWY1MDFlZTg4NmU3 {"name":"operations/workflows/MWNlNjYyMTctZjRiMC00ZjA3LWFjZjktMWY1MDFlZTg4NmU3"}
[debug] [2025-07-16T17:15:27.722Z] [Add Firebase Poller] Retrying task index 0
[debug] [2025-07-16T17:15:27.722Z] Checked if tokens are valid: true, expires at: 1752689520086
[debug] [2025-07-16T17:15:27.723Z] Checked if tokens are valid: true, expires at: 1752689520086
[debug] [2025-07-16T17:15:27.723Z] >>> [apiv2][query] GET https://firebase.googleapis.com/v1beta1/operations/workflows/MWNlNjYyMTctZjRiMC00ZjA3LWFjZjktMWY1MDFlZTg4NmU3 [none]
[debug] [2025-07-16T17:15:28.391Z] <<< [apiv2][status] GET https://firebase.googleapis.com/v1beta1/operations/workflows/MWNlNjYyMTctZjRiMC00ZjA3LWFjZjktMWY1MDFlZTg4NmU3 200
[debug] [2025-07-16T17:15:28.391Z] <<< [apiv2][body] GET https://firebase.googleapis.com/v1beta1/operations/workflows/MWNlNjYyMTctZjRiMC00ZjA3LWFjZjktMWY1MDFlZTg4NmU3 {"name":"operations/workflows/MWNlNjYyMTctZjRiMC00ZjA3LWFjZjktMWY1MDFlZTg4NmU3","done":true,"response":{"@type":"type.googleapis.com/google.firebase.service.v1beta1.FirebaseProject","projectId":"carbon-garage-421219","projectNumber":"609809936613","displayName":"My First Project","name":"projects/carbon-garage-421219","resources":{"hostingSite":"carbon-garage-421219"}}}
[info] 
[info] === Your Firebase project is ready! ===
[info] 
[info] Project information:
[info]    - Project ID: carbon-garage-421219
[info]    - Project Name: My First Project
[info] 
[info] Firebase console is available at
[info] https://console.firebase.google.com/project/carbon-garage-421219/overview
[info] i  Using project carbon-garage-421219 (My First Project) 
[info] 
=== Hosting Setup
[debug] [2025-07-16T17:15:28.414Z] Checked if tokens are valid: true, expires at: 1752689520086
[debug] [2025-07-16T17:15:28.415Z] Checked if tokens are valid: true, expires at: 1752689520086
[debug] [2025-07-16T17:15:28.415Z] >>> [apiv2][query] GET https://firebase.googleapis.com/v1beta1/projects/carbon-garage-421219 [none]
[debug] [2025-07-16T17:15:28.744Z] <<< [apiv2][status] GET https://firebase.googleapis.com/v1beta1/projects/carbon-garage-421219 200
[debug] [2025-07-16T17:15:28.744Z] <<< [apiv2][body] GET https://firebase.googleapis.com/v1beta1/projects/carbon-garage-421219 {"projectId":"carbon-garage-421219","projectNumber":"609809936613","displayName":"My First Project","name":"projects/carbon-garage-421219","resources":{"hostingSite":"carbon-garage-421219"},"state":"ACTIVE","etag":"1_e9ff85a9-b13d-46d1-8dd2-44862e3e334d"}
[info] 
[info] Your public directory is the folder (relative to your project directory) that
[info] will contain Hosting assets to be uploaded with firebase deploy. If you
[info] have a build process for your assets, use your build's output directory.
[info] 
[debug] [2025-07-16T17:15:48.953Z] >>> [apiv2][query] GET https://www.gstatic.com/firebasejs/releases.json [none]
[debug] [2025-07-16T17:15:49.320Z] <<< [apiv2][status] GET https://www.gstatic.com/firebasejs/releases.json 200
[debug] [2025-07-16T17:15:49.320Z] <<< [apiv2][body] GET https://www.gstatic.com/firebasejs/releases.json {"current":{"version":"11.10.0","browserURL":"https://www.gstatic.com/firebasejs/11.10.0/firebase.js","packageURL":"https://www.gstatic.com/firebasejs/11.10.0/firebase.tgz"},"live":{"version":"11.10","browserURL":"https://www.gstatic.com/firebasejs/live/11.10/firebase.js","packageURL":"https://www.gstatic.com/firebasejs/live/11.10/firebase.tgz"},"components":{"ai":"https://www.gstatic.com/firebasejs/11.10.0/firebase-ai.js","analytics":"https://www.gstatic.com/firebasejs/11.10.0/firebase-analytics.js","app":"https://www.gstatic.com/firebasejs/11.10.0/firebase-app.js","app-check":"https://www.gstatic.com/firebasejs/11.10.0/firebase-app-check.js","auth":"https://www.gstatic.com/firebasejs/11.10.0/firebase-auth.js","auth/cordova":"https://www.gstatic.com/firebasejs/11.10.0/firebase-auth/cordova.js","auth/web-extension":"https://www.gstatic.com/firebasejs/11.10.0/firebase-auth/web-extension.js","functions":"https://www.gstatic.com/firebasejs/11.10.0/firebase-functions.js","firestore":"https://www.gstatic.com/firebasejs/11.10.0/firebase-firestore.js","firestore/lite":"https://www.gstatic.com/firebasejs/11.10.0/firebase-firestore/lite.js","installations":"https://www.gstatic.com/firebasejs/11.10.0/firebase-installations.js","storage":"https://www.gstatic.com/firebasejs/11.10.0/firebase-storage.js","performance":"https://www.gstatic.com/firebasejs/11.10.0/firebase-performance.js","remote-config":"https://www.gstatic.com/firebasejs/11.10.0/firebase-remote-config.js","messaging":"https://www.gstatic.com/firebasejs/11.10.0/firebase-messaging.js","messaging/sw":"https://www.gstatic.com/firebasejs/11.10.0/firebase-messaging/sw.js","database":"https://www.gstatic.com/firebasejs/11.10.0/firebase-database.js","vertexai":"https://www.gstatic.com/firebasejs/11.10.0/firebase-vertexai.js","data-connect":"https://www.gstatic.com/firebasejs/11.10.0/firebase-data-connect.js","firestore.memory":"https://www.gstatic.com/firebasejs/11.10.0/firebase-firestore.memory.js"}}
[info] +  Wrote public/index.html 
[info] 
[info] i  Didn't detect a .git folder. Assuming C:\PetMatch is the project root. 
[info] i  Authorizing with GitHub to upload your service account to a GitHub repository's secrets store. 
[info] 
[info] Visit this URL on this device to log in:
[info] https://github.com/login/oauth/authorize?client_id=89cf50f02ac6aaed3484&state=1000342865&redirect_uri=http%3A%2F%2Flocalhost%3A9005&scope=read%3Auser%20repo%20public_repo
[info] 
[info] Waiting for authentication...
[debug] [2025-07-16T17:15:49.867Z] >>> [apiv2][query] POST https://github.com/login/oauth/access_token [none]
[debug] [2025-07-16T17:15:49.867Z] >>> [apiv2][body] POST https://github.com/login/oauth/access_token [stream]
[debug] [2025-07-16T17:15:50.413Z] <<< [apiv2][status] POST https://github.com/login/oauth/access_token 200
[debug] [2025-07-16T17:15:50.414Z] <<< [apiv2][body] POST https://github.com/login/oauth/access_token {"access_token":"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","token_type":"bearer","scope":"read:user,repo"}
[debug] [2025-07-16T17:15:50.417Z] >>> [apiv2][query] GET https://api.github.com/user [none]
[debug] [2025-07-16T17:15:50.983Z] <<< [apiv2][status] GET https://api.github.com/user 200
[debug] [2025-07-16T17:15:50.983Z] <<< [apiv2][body] GET https://api.github.com/user {"login":"vmcsoftware","id":214661997,"node_id":"U_kgDODMt7bQ","avatar_url":"https://avatars.githubusercontent.com/u/214661997?v=4","gravatar_id":"","url":"https://api.github.com/users/vmcsoftware","html_url":"https://github.com/vmcsoftware","followers_url":"https://api.github.com/users/vmcsoftware/followers","following_url":"https://api.github.com/users/vmcsoftware/following{/other_user}","gists_url":"https://api.github.com/users/vmcsoftware/gists{/gist_id}","starred_url":"https://api.github.com/users/vmcsoftware/starred{/owner}{/repo}","subscriptions_url":"https://api.github.com/users/vmcsoftware/subscriptions","organizations_url":"https://api.github.com/users/vmcsoftware/orgs","repos_url":"https://api.github.com/users/vmcsoftware/repos","events_url":"https://api.github.com/users/vmcsoftware/events{/privacy}","received_events_url":"https://api.github.com/users/vmcsoftware/received_events","type":"User","user_view_type":"private","site_admin":false,"name":null,"company":null,"blog":"","location":null,"email":null,"hireable":null,"bio":null,"twitter_username":null,"notification_email":null,"public_repos":2,"public_gists":0,"followers":0,"following":0,"created_at":"2025-06-03T13:03:24Z","updated_at":"2025-07-12T20:26:25Z","private_gists":0,"total_private_repos":1,"owned_private_repos":1,"disk_usage":318,"collaborators":0,"two_factor_authentication":false,"plan":{"name":"free","space":976562499,"collaborators":0,"private_repos":10000}}
[info] 
[info] +  Success! Logged into GitHub as vmcsoftware 
[info] 
[debug] [2025-07-16T17:16:28.593Z] >>> [apiv2][query] GET https://api.github.com/repos/vinimacar/petmatch/actions/secrets/public-key type=owner
[debug] [2025-07-16T17:16:29.085Z] <<< [apiv2][status] GET https://api.github.com/repos/vinimacar/petmatch/actions/secrets/public-key 403
[debug] [2025-07-16T17:16:29.085Z] <<< [apiv2][body] GET https://api.github.com/repos/vinimacar/petmatch/actions/secrets/public-key {"message":"You must have repository read permissions or have the repository secrets fine-grained permission.","documentation_url":"https://docs.github.com/rest/actions/secrets#get-a-repository-public-key","status":"403"}
[info] 
[info] 
[error] !  The provided authorization cannot be used with this repository. If this repository is in an organization, did you remember to grant access? 
[info] 
[info] i  Action required: Visit this URL to ensure access has been granted to the appropriate organization(s) for the Firebase CLI GitHub OAuth App: 
[info] https://github.com/settings/connections/applications/89cf50f02ac6aaed3484
[info] 
[debug] [2025-07-16T17:20:22.831Z] >>> [apiv2][query] GET https://api.github.com/repos/ vmcsoftware/PetMatch/actions/secrets/public-key type=owner
[debug] [2025-07-16T17:20:23.293Z] <<< [apiv2][status] GET https://api.github.com/repos/ vmcsoftware/PetMatch/actions/secrets/public-key 404
[debug] [2025-07-16T17:20:23.294Z] <<< [apiv2][body] GET https://api.github.com/repos/ vmcsoftware/PetMatch/actions/secrets/public-key {"message":"Not Found","documentation_url":"https://docs.github.com/rest/actions/secrets#get-a-repository-public-key","status":"404"}
[info] 
[info] 
[error] !  The provided authorization cannot be used with this repository. If this repository is in an organization, did you remember to grant access? 
[info] 
[info] i  Action required: Visit this URL to ensure access has been granted to the appropriate organization(s) for the Firebase CLI GitHub OAuth App: 
[info] https://github.com/settings/connections/applications/89cf50f02ac6aaed3484
[info] 
